Microsoft (R) Macro Assembler (x64) Version 14.35.32216.1   07/17/23 01:19:18
callproc_64.asm						     Page 1 - 1


				; Calling a subroutine in 64-bit mode (CallProc_64.asm)
				; Chapter 5 example

				ExitProcess proto
				WriteInt64 proto
				Crlf proto

 00000000			.code
 00000000			main proc
 00000000  48/ 83 EC 08		    sub rsp, 8      ; align the stack pointer
 00000004  48/ 83 EC 20		    sub rsp, 20h    ; reserve 32 bytes for shadow params

 00000008  48/ C7 C1		    mov rcx, 1      ; pass four parameters, in order
	   00000001
 0000000F  48/ C7 C2		    mov rdx, 2
	   00000002
 00000016  49/ C7 C0		    mov r8, 3
	   00000003
 0000001D  49/ C7 C1		    mov r9, 4
	   00000004
 00000024  E8 00000014		    call AddFour    ; look for return value in rax
 00000029  E8 00000000 E	    call WriteInt64 ; display the number
 0000002E  E8 00000000 E	    call Crlf       ; output a CR/LF

 00000033  B9 00000000		    mov ecx, 0
 00000038  E8 00000000 E	    call ExitProcess
 0000003D			main endp

 0000003D			AddFour proc
 0000003D  48/ 8B C1		    mov rax, rcx
 00000040  48/ 03 C2		    add rax, rdx
 00000043  49/ 03 C0		    add rax, r8
 00000046  49/ 03 C1		    add rax, r9     ; sum is in rax
				    
 00000049  C3			    ret
 0000004A			AddFour endp

				end
Microsoft (R) Macro Assembler (x64) Version 14.35.32216.1   07/17/23 01:19:18
callproc_64.asm						     Symbols 2 - 1




Procedures, parameters, and locals:

                N a m e                 Type     Value    Attr

AddFour  . . . . . . . . . . . .	P 	 0000003D _TEXT	Length= 0000000D Public
Crlf . . . . . . . . . . . . . .	P 	 00000000 Length= 00000000 External
ExitProcess  . . . . . . . . . .	P 	 00000000 Length= 00000000 External
WriteInt64 . . . . . . . . . . .	P 	 00000000 Length= 00000000 External
main . . . . . . . . . . . . . .	P 	 00000000 _TEXT	Length= 0000003D Public

	   0 Warnings
	   0 Errors
