Microsoft (R) Macro Assembler Version 14.35.32216.1	    07/27/23 18:49:28
	8-4-2.as					     Page 1 - 1


				title 8-4-2.asm

				.386
				.model flat, stdcall
				.stack 4096

				FillArray proto, pArray:ptr dword
				Swap proto, pValX:ptr dword, pValY:ptr dword
				ExitProcess proto, dwExitCode:dword

 00000000			.data
 00000000  00000004 [		    array dword 4 dup(0)
	    00000000
	   ]
 00000000			.code
 00000000			main proc
				    invoke FillArray, addr array
 00000000  68 00000000 R   *	    push   OFFSET array
 00000005  E8 00000019	   *	    call   FillArray

				    invoke Swap,
				        addr array,
				        addr [array + 4]
 0000000A  68 00000004 R   *	    push   OFFSET array+000000004h
 0000000F  68 00000000 R   *	    push   OFFSET array
 00000014  E8 00000024	   *	    call   Swap

 00000019  B9 00000000		    mov ecx, 0
 0000001E  E8 00000000 E	    call ExitProcess
 00000023			main endp

 00000023			FillArray proc, pArray:ptr dword
 00000023  55		   *	    push   ebp
 00000024  8B EC	   *	    mov    ebp, esp
 00000026  B9 00000000		    mov ecx, 0
 0000002B			L1:
 0000002B  83 F9 04		    cmp ecx, 4
 0000002E  7D 09		    jge L2
 00000030  8B 55 08		    mov edx, pArray
 00000033  89 0C 8A		    mov [edx + ecx * type dword], ecx
 00000036  41			    inc ecx
 00000037  EB F2		    jmp L1
 00000039			L2:
				    ret
 00000039  C9		   *	    leave  
 0000003A  C2 0004	   *	    ret    00004h
 0000003D			FillArray endp

 0000003D			Swap proc uses eax esi edi, pValX:ptr dword, pValY:ptr dword
 0000003D  55		   *	    push   ebp
 0000003E  8B EC	   *	    mov    ebp, esp
 00000040  50		   *	    push   eax
 00000041  56		   *	    push   esi
 00000042  57		   *	    push   edi
 00000043  8B 75 08			mov esi, pValX
 00000046  8B 7D 0C			mov edi, pValY
 00000049  8B 06			mov eax, [esi]
 0000004B  87 07			xchg eax, [edi]
 0000004D  89 06			mov [esi], eax
					ret
 0000004F  5F		   *	    pop    edi
 00000050  5E		   *	    pop    esi
 00000051  58		   *	    pop    eax
 00000052  C9		   *	    leave  
 00000053  C2 0008	   *	    ret    00008h
 00000056			Swap endp

				end main
Microsoft (R) Macro Assembler Version 14.35.32216.1	    07/27/23 18:49:28
	8-4-2.as					     Symbols 2 - 1




Segments and Groups:

                N a m e                 Size     Length   Align   Combine Class

FLAT . . . . . . . . . . . . . .	GROUP
STACK  . . . . . . . . . . . . .	32 Bit	 00001000 DWord	  Stack	  'STACK'	 
_DATA  . . . . . . . . . . . . .	32 Bit	 00000010 DWord	  Public  'DATA'	
_TEXT  . . . . . . . . . . . . .	32 Bit	 00000056 DWord	  Public  'CODE'	


Procedures, parameters, and locals:

                N a m e                 Type     Value    Attr

ExitProcess  . . . . . . . . . .	P Near	 00000000 FLAT	Length= 00000000 External STDCALL
FillArray  . . . . . . . . . . .	P Near	 00000023 _TEXT	Length= 0000001A Public STDCALL
  pArray . . . . . . . . . . . .	DWord	 bp + 00000008
  L1 . . . . . . . . . . . . . .	L Near	 0000002B _TEXT	
  L2 . . . . . . . . . . . . . .	L Near	 00000039 _TEXT	
Swap . . . . . . . . . . . . . .	P Near	 0000003D _TEXT	Length= 00000019 Public STDCALL
  pValX  . . . . . . . . . . . .	DWord	 bp + 00000008
  pValY  . . . . . . . . . . . .	DWord	 bp + 0000000C
main . . . . . . . . . . . . . .	P Near	 00000000 _TEXT	Length= 00000023 Public STDCALL


Symbols:

                N a m e                 Type     Value    Attr

@CodeSize  . . . . . . . . . . .	Number	 00000000h   
@DataSize  . . . . . . . . . . .	Number	 00000000h   
@Interface . . . . . . . . . . .	Number	 00000003h   
@Model . . . . . . . . . . . . .	Number	 00000007h   
@code  . . . . . . . . . . . . .	Text   	 _TEXT
@data  . . . . . . . . . . . . .	Text   	 FLAT
@fardata?  . . . . . . . . . . .	Text   	 FLAT
@fardata . . . . . . . . . . . .	Text   	 FLAT
@stack . . . . . . . . . . . . .	Text   	 FLAT
array  . . . . . . . . . . . . .	DWord	 00000000 _DATA	

	   0 Warnings
	   0 Errors
