Microsoft (R) Macro Assembler Version 14.35.32216.1	    07/27/23 21:21:13
!Prompt For Integers (_prompt.asm			     Page 1 - 1


				title Prompt For Integers (_prompt.asm)

				include sum.inc             ; get procedure prototypes
			      C ; Include file for the ArraySum Program (sum.inc)
			      C 
			      C .386
			      C .model flat, stdcall
			      C 
			      C option casemap:none
			      C 
			      C includelib irvine32.lib
			      C 
			      C WriteString proto
			      C WriteInt proto
			      C ReadInt proto
			      C Crlf proto
			      C Clrscr proto
			      C ExitProcess proto, dwExitCode:dword
			      C 
			      C PromptForIntegers proto,
			      C     ptrPrompt:ptr byte,     ; prompt string
			      C     ptrArray:ptr dword,     ; points to the array
			      C     arraySize:dword         ; size of the array
			      C 
			      C ArraySum proto,
			      C     ptrArray:ptr dword,     ; points to the array
			      C     count:dword             ; size of the array
			      C 
			      C DisplaySum PROTO,
			      C     ptrPrompt:ptr byte,     ; prompt string
			      C     theSum:dword            ; sum of the array
			      C 

 00000000			.code
				; ------------------------------------------------------------------------------
 00000000			PromptForIntegers proc stdcall public,
				    ptrPrompt:ptr byte,     ; prompt string
				    ptrArray:ptr dword,     ; pointer to array
				    arraySize:dword,        ; size of the array
				;
				; Prompts the user for an array of integers and fills the array with the user's
				; input.
				; Returns: nothing
				; ------------------------------------------------------------------------------
 00000000  55		   *	    push   ebp
 00000001  8B EC	   *	    mov    ebp, esp
 00000003  60			    pushad                  ; save all registers
				    
 00000004  8B 4D 10		    mov ecx, arraySize
 00000007  83 F9 00			cmp ecx, 0              ; array size <= 0?
 0000000A  7E 1C			jle L2                  ; yes: quit
 0000000C  8B 55 08		    mov edx, ptrPrompt      ; address of the prompt
 0000000F  8B 75 0C		    mov esi, ptrArray

 00000012  E8 00000000 E	L1: call WriteString        ; display string
 00000017  E8 00000000 E	    call ReadInt            ; read integer into EAX
 0000001C  E8 00000000 E	    call Crlf               ; go to next output line
 00000021  89 06		    mov [esi], eax          ; store in array
 00000023  83 C6 04		    add esi, 4              ; next integer
 00000026  E2 EA		    loop L1

 00000028  61			L2: popad                   ; restore all registers
				    ret
 00000029  C9		   *	    leave  
 0000002A  C2 000C	   *	    ret    0000Ch
 0000002D			PromptForIntegers endp

				end
Microsoft (R) Macro Assembler Version 14.35.32216.1	    07/27/23 21:21:13
!Prompt For Integers (_prompt.asm			     Symbols 2 - 1




Segments and Groups:

                N a m e                 Size     Length   Align   Combine Class

FLAT . . . . . . . . . . . . . .	GROUP
_DATA  . . . . . . . . . . . . .	32 Bit	 00000000 DWord	  Public  'DATA'	
_TEXT  . . . . . . . . . . . . .	32 Bit	 0000002D DWord	  Public  'CODE'	


Procedures, parameters, and locals:

                N a m e                 Type     Value    Attr

ArraySum . . . . . . . . . . . .	P Near	 00000000 FLAT	Length= 00000000 External STDCALL
Clrscr . . . . . . . . . . . . .	P Near	 00000000 FLAT	Length= 00000000 External STDCALL
Crlf . . . . . . . . . . . . . .	P Near	 00000000 FLAT	Length= 00000000 External STDCALL
DisplaySum . . . . . . . . . . .	P Near	 00000000 FLAT	Length= 00000000 External STDCALL
ExitProcess  . . . . . . . . . .	P Near	 00000000 FLAT	Length= 00000000 External STDCALL
PromptForIntegers  . . . . . . .	P Near	 00000000 _TEXT	Length= 0000002D Public STDCALL
  ptrPrompt  . . . . . . . . . .	DWord	 bp + 00000008
  ptrArray . . . . . . . . . . .	DWord	 bp + 0000000C
  arraySize  . . . . . . . . . .	DWord	 bp + 00000010
  L1 . . . . . . . . . . . . . .	L Near	 00000012 _TEXT	
  L2 . . . . . . . . . . . . . .	L Near	 00000028 _TEXT	
ReadInt  . . . . . . . . . . . .	P Near	 00000000 FLAT	Length= 00000000 External STDCALL
WriteInt . . . . . . . . . . . .	P Near	 00000000 FLAT	Length= 00000000 External STDCALL
WriteString  . . . . . . . . . .	P Near	 00000000 FLAT	Length= 00000000 External STDCALL


Symbols:

                N a m e                 Type     Value    Attr

@CodeSize  . . . . . . . . . . .	Number	 00000000h   
@DataSize  . . . . . . . . . . .	Number	 00000000h   
@Interface . . . . . . . . . . .	Number	 00000003h   
@Model . . . . . . . . . . . . .	Number	 00000007h   
@code  . . . . . . . . . . . . .	Text   	 _TEXT
@data  . . . . . . . . . . . . .	Text   	 FLAT
@fardata?  . . . . . . . . . . .	Text   	 FLAT
@fardata . . . . . . . . . . . .	Text   	 FLAT
@stack . . . . . . . . . . . . .	Text   	 FLAT

	   0 Warnings
	   0 Errors
