Microsoft (R) Macro Assembler Version 14.35.32216.1	    07/06/23 17:10:13
3-4-12.asm						     Page 1 - 1


				; 3-4-12.asm

				.386
				.model flat,stdcall
				.stack 4096
				ExitProcess proto, dwExitCode:dword

 00000000			.data
 00000000  0000000A [			smallArray1	dword	10		dup(0)	; 40 bytes,		offset 0h(0d)
	    00000000
	   ]
 00000000			.data?
 00000000  00001388 [			bigArray1	dword	5000	dup(?)	; 20000 bytes, not initialized
	    00000000
	   ]

 00000028			.data
 00000028  0000000A [			smallArray2	dword	10		dup(0)	; 40 bytes,		offset 28h(40d)
	    00000000
	   ]
 00000050  00001388 [			bigArray2	dword	5000	dup(?)	; 20000 bytes,	offset 50h(80d)
	    00000000
	   ]

 00004E70 00				wall		byte	?				; 1 byte,		offset 4e70h(20080d)

 00000000			.code
 00000000			main proc
 00000000  BB 0000000A			mov ebx, 10d
 00000005  8B C3			mov eax, ebx
 00004E71			.data
 00004E71 00000000			temp dword ?
 00000007			.code
 00000007  A3 00004E71 R		mov temp, eax
					invoke ExitProcess, 0
 0000000C  6A 00	   *	    push   +000000000h
 0000000E  E8 00000000 E   *	    call   ExitProcess
 00000013			main endp
				end main
Microsoft (R) Macro Assembler Version 14.35.32216.1	    07/06/23 17:10:13
3-4-12.asm						     Symbols 2 - 1




Segments and Groups:

                N a m e                 Size     Length   Align   Combine Class

FLAT . . . . . . . . . . . . . .	GROUP
STACK  . . . . . . . . . . . . .	32 Bit	 00001000 DWord	  Stack	  'STACK'	 
_BSS . . . . . . . . . . . . . .	32 Bit	 00004E20 DWord	  Public  'BSS'  
_DATA  . . . . . . . . . . . . .	32 Bit	 00004E75 DWord	  Public  'DATA'	
_TEXT  . . . . . . . . . . . . .	32 Bit	 00000013 DWord	  Public  'CODE'	


Procedures, parameters, and locals:

                N a m e                 Type     Value    Attr

ExitProcess  . . . . . . . . . .	P Near	 00000000 FLAT	Length= 00000000 External STDCALL
main . . . . . . . . . . . . . .	P Near	 00000000 _TEXT	Length= 00000013 Public STDCALL


Symbols:

                N a m e                 Type     Value    Attr

@CodeSize  . . . . . . . . . . .	Number	 00000000h   
@DataSize  . . . . . . . . . . .	Number	 00000000h   
@Interface . . . . . . . . . . .	Number	 00000003h   
@Model . . . . . . . . . . . . .	Number	 00000007h   
@code  . . . . . . . . . . . . .	Text   	 _TEXT
@data  . . . . . . . . . . . . .	Text   	 FLAT
@fardata?  . . . . . . . . . . .	Text   	 FLAT
@fardata . . . . . . . . . . . .	Text   	 FLAT
@stack . . . . . . . . . . . . .	Text   	 FLAT
bigArray1  . . . . . . . . . . .	DWord	 00000000 _BSS	
bigArray2  . . . . . . . . . . .	DWord	 00000050 _DATA	
smallArray1  . . . . . . . . . .	DWord	 00000000 _DATA	
smallArray2  . . . . . . . . . .	DWord	 00000028 _DATA	
temp . . . . . . . . . . . . . .	DWord	 00004E71 _DATA	
wall . . . . . . . . . . . . . .	Byte	 00004E70 _DATA	

	   0 Warnings
	   0 Errors
