Microsoft (R) Macro Assembler Version 14.35.32216.1	    07/10/23 23:45:01
3-5-3.asm						     Page 1 - 1


				; 3-5-3.asm

				.386
				.model flat, stdcall
				.stack 4096
				ExitProcess proto, dwExitCode:dword

 = 3.1416			pi  equ <3.1416>
 = "Press any key to contin	pressKey    equ <"Press any key to continue...", 0>
   ue...", 0

 = 00000064			matrix1 equ 10 * 10
 = 10 * 10			matrix2 equ <10 * 10>

 = "Do you wish to continue	continueMsg textequ <"Do you wish to continue <Y/N>?">
    <Y/N>?"

 = 00000005			rowSize = 5
 = 10				count   textequ %(rowSize * 2)
 = mov				move    textequ <mov>
 = move al, count		setupAL textequ <move al, count>

 00000000			.data
 00000000 50 72 65 73 73	    prompt  byte pressKey
	   20 61 6E 79 20
	   6B 65 79 20 74
	   6F 20 63 6F 6E
	   74 69 6E 75 65
	   2E 2E 2E 00

 0000001D 0064			    m1  word    matrix1
 0000001F 0064			    m2  word    matrix2

 00000021 44 6F 20 79 6F	    prompt1 byte continueMsg
	   75 20 77 69 73
	   68 20 74 6F 20
	   63 6F 6E 74 69
	   6E 75 65 20 3C
	   59 2F 4E 3E 3F

 00000000			.code
 00000000			main proc
 00000000  B8 00000000		    mov eax, 0
 00000005  B0 0A		    setupAL     ; mov al, 10

				    invoke ExitProcess, 0
 00000007  6A 00	   *	    push   +000000000h
 00000009  E8 00000000 E   *	    call   ExitProcess
 0000000E			main endp
				end main
Microsoft (R) Macro Assembler Version 14.35.32216.1	    07/10/23 23:45:01
3-5-3.asm						     Symbols 2 - 1




Segments and Groups:

                N a m e                 Size     Length   Align   Combine Class

FLAT . . . . . . . . . . . . . .	GROUP
STACK  . . . . . . . . . . . . .	32 Bit	 00001000 DWord	  Stack	  'STACK'	 
_DATA  . . . . . . . . . . . . .	32 Bit	 0000003F DWord	  Public  'DATA'	
_TEXT  . . . . . . . . . . . . .	32 Bit	 0000000E DWord	  Public  'CODE'	


Procedures, parameters, and locals:

                N a m e                 Type     Value    Attr

ExitProcess  . . . . . . . . . .	P Near	 00000000 FLAT	Length= 00000000 External STDCALL
main . . . . . . . . . . . . . .	P Near	 00000000 _TEXT	Length= 0000000E Public STDCALL


Symbols:

                N a m e                 Type     Value    Attr

@CodeSize  . . . . . . . . . . .	Number	 00000000h   
@DataSize  . . . . . . . . . . .	Number	 00000000h   
@Interface . . . . . . . . . . .	Number	 00000003h   
@Model . . . . . . . . . . . . .	Number	 00000007h   
@code  . . . . . . . . . . . . .	Text   	 _TEXT
@data  . . . . . . . . . . . . .	Text   	 FLAT
@fardata?  . . . . . . . . . . .	Text   	 FLAT
@fardata . . . . . . . . . . . .	Text   	 FLAT
@stack . . . . . . . . . . . . .	Text   	 FLAT
continueMsg  . . . . . . . . . .	Text   	 "Do you wish to continue <Y/N>?"
count  . . . . . . . . . . . . .	Text   	 10
m1 . . . . . . . . . . . . . . .	Word	 0000001D _DATA	
m2 . . . . . . . . . . . . . . .	Word	 0000001F _DATA	
matrix1  . . . . . . . . . . . .	Number	 00000064h   
matrix2  . . . . . . . . . . . .	Text   	 10 * 10
move . . . . . . . . . . . . . .	Text   	 mov
pi . . . . . . . . . . . . . . .	Text   	 3.1416
pressKey . . . . . . . . . . . .	Text   	 "Press any key to continue...", 0
prompt1  . . . . . . . . . . . .	Byte	 00000021 _DATA	
prompt . . . . . . . . . . . . .	Byte	 00000000 _DATA	
rowSize  . . . . . . . . . . . .	Number	 00000005h   
setupAL  . . . . . . . . . . . .	Text   	 move al, count

	   0 Warnings
	   0 Errors
