Microsoft (R) Macro Assembler Version 14.35.32216.1	    07/27/23 18:49:28
	8-4-1.as					     Page 1 - 1


				title 8-4-1.asm

				.386
				.model flat, stdcall
				.stack 4096

				DumpArray proto stdcall pArray: ptr dword, nUnits: dword, tUnit: dword
				DumpMem proto
				WaitMsg proto
				ExitProcess proto, dwExitCode:dword

 00000000			.data
 00000000 00010000		    array dword 00010000h, 00020000h, 00030000h
	   00020000
	   00030000
 00000000			.code
 00000000			main proc
				; 8-4-1-1
				    invoke DumpArray, offset array, lengthof array, type array
 00000000  6A 04	   *	    push   +000000004h
 00000002  6A 03	   *	    push   +000000003h
 00000004  68 00000000 R   *	    push   dword  ptr OFFSET FLAT: array
 00000009  E8 0000002B	   *	    call   DumpArray

				; 8-4-1-2
 0000000E  6A 04		    push type array
 00000010  6A 03		    push lengthof array
 00000012  68 00000000 R	    push offset array
 00000017  E8 0000001D		    call DumpArray

				; 8-4-1-3
				    invoke DumpArray,       ; displays an array
				        offset array,       ; points to the array
				        lengthof array,     ; the array length
				        type array          ; array component size
 0000001C  6A 04	   *	    push   +000000004h
 0000001E  6A 03	   *	    push   +000000003h
 00000020  68 00000000 R   *	    push   dword  ptr OFFSET FLAT: array
 00000025  E8 0000000F	   *	    call   DumpArray

 0000002A  E8 00000000 E	    call WaitMsg
 0000002F  B9 00000000		    mov ecx, 0
 00000034  E8 00000000 E	    call ExitProcess
 00000039			main endp

 00000039			DumpArray proc stdcall pArray: ptr dword, nUnits: dword, tUnit: dword
 00000039  55		   *	    push   ebp
 0000003A  8B EC	   *	    mov    ebp, esp
 0000003C  56			    push esi        ; save callee-saved(non-volatile) registers
 0000003D  53			    push ebx

 0000003E  8B 75 08		    mov esi, pArray ; starting offset   = [ebp + 8]
 00000041  8B 4D 0C		    mov ecx, nUnits ; number of units   = [ebp + 12]
 00000044  8B 5D 10		    mov ebx, tUnit  ; unit size         = [ebp + 16]
 00000047  E8 00000000 E	    call DumpMem

 0000004C  5B			    pop ebx         ; restore callee-saved(non-volatile) registers
 0000004D  5E			    pop esi

				    ret
 0000004E  C9		   *	    leave  
 0000004F  C2 000C	   *	    ret    0000Ch
 00000052			DumpArray endp

				end main
Microsoft (R) Macro Assembler Version 14.35.32216.1	    07/27/23 18:49:28
	8-4-1.as					     Symbols 2 - 1




Segments and Groups:

                N a m e                 Size     Length   Align   Combine Class

FLAT . . . . . . . . . . . . . .	GROUP
STACK  . . . . . . . . . . . . .	32 Bit	 00001000 DWord	  Stack	  'STACK'	 
_DATA  . . . . . . . . . . . . .	32 Bit	 0000000C DWord	  Public  'DATA'	
_TEXT  . . . . . . . . . . . . .	32 Bit	 00000052 DWord	  Public  'CODE'	


Procedures, parameters, and locals:

                N a m e                 Type     Value    Attr

DumpArray  . . . . . . . . . . .	P Near	 00000039 _TEXT	Length= 00000019 Public STDCALL
  pArray . . . . . . . . . . . .	DWord	 bp + 00000008
  nUnits . . . . . . . . . . . .	DWord	 bp + 0000000C
  tUnit  . . . . . . . . . . . .	DWord	 bp + 00000010
DumpMem  . . . . . . . . . . . .	P Near	 00000000 FLAT	Length= 00000000 External STDCALL
ExitProcess  . . . . . . . . . .	P Near	 00000000 FLAT	Length= 00000000 External STDCALL
WaitMsg  . . . . . . . . . . . .	P Near	 00000000 FLAT	Length= 00000000 External STDCALL
main . . . . . . . . . . . . . .	P Near	 00000000 _TEXT	Length= 00000039 Public STDCALL


Symbols:

                N a m e                 Type     Value    Attr

@CodeSize  . . . . . . . . . . .	Number	 00000000h   
@DataSize  . . . . . . . . . . .	Number	 00000000h   
@Interface . . . . . . . . . . .	Number	 00000003h   
@Model . . . . . . . . . . . . .	Number	 00000007h   
@code  . . . . . . . . . . . . .	Text   	 _TEXT
@data  . . . . . . . . . . . . .	Text   	 FLAT
@fardata?  . . . . . . . . . . .	Text   	 FLAT
@fardata . . . . . . . . . . . .	Text   	 FLAT
@stack . . . . . . . . . . . . .	Text   	 FLAT
array  . . . . . . . . . . . . .	DWord	 00000000 _DATA	

	   0 Warnings
	   0 Errors
