Microsoft (R) Macro Assembler Version 14.35.32216.1	    07/14/23 15:23:13
	4-5-2.as					     Page 1 - 1


				title 4-5-2.asm

				.386
				.model flat, stdcall

				.stack 4096

				ExitProcess proto, dwExitCode:dword

 00000000			.code
 00000000			main proc
				; 4-5-2
 00000000  66| B8 0000		    mov ax, 0
 00000004  B9 00000005		    mov ecx, 5
 00000009			L1:
 00000009  66| 40		    inc ax
 0000000B  E2 FC		    loop L1

 00000000			.data
 00000000 00000000		    count1 dword ?
 0000000D			.code
 0000000D  B9 00000064		    mov ecx, 100     ; set loop count
 00000012			top:
 00000012  89 0D 00000000 R	    mov count1, ecx  ; save the count
 00000018  B9 00000014		    mov ecx, 20      ; modify ecx
 0000001D  8B 0D 00000000 R	    mov ecx, count1  ; restore loop count
 00000023  E2 ED		    loop top

 00000004			.data
 00000004 00000000		    count2 dword ?
 00000025			.code
 00000025  B9 00000064		    mov ecx, 100    ; set outer loop count
 0000002A			L2:
 0000002A  89 0D 00000004 R	    mov count2, ecx ; save outer loop count
 00000030  B9 00000014		    mov ecx, 20     ; set inner loop count
 00000035			L3:
 00000035  90			    nop
 00000036  E2 FD		    loop L3         ; repeat the inner loop
 00000038  8B 0D 00000004 R	    mov ecx, count2 ; restore outer loop count
 0000003E  E2 EA		    loop L2         ; repeat the outer loop

				    invoke ExitProcess, 0
 00000040  6A 00	   *	    push   +000000000h
 00000042  E8 00000000 E   *	    call   ExitProcess
 00000047			main endp
				end main
Microsoft (R) Macro Assembler Version 14.35.32216.1	    07/14/23 15:23:13
	4-5-2.as					     Symbols 2 - 1




Segments and Groups:

                N a m e                 Size     Length   Align   Combine Class

FLAT . . . . . . . . . . . . . .	GROUP
STACK  . . . . . . . . . . . . .	32 Bit	 00001000 DWord	  Stack	  'STACK'	 
_DATA  . . . . . . . . . . . . .	32 Bit	 00000008 DWord	  Public  'DATA'	
_TEXT  . . . . . . . . . . . . .	32 Bit	 00000047 DWord	  Public  'CODE'	


Procedures, parameters, and locals:

                N a m e                 Type     Value    Attr

ExitProcess  . . . . . . . . . .	P Near	 00000000 FLAT	Length= 00000000 External STDCALL
main . . . . . . . . . . . . . .	P Near	 00000000 _TEXT	Length= 00000047 Public STDCALL
  L1 . . . . . . . . . . . . . .	L Near	 00000009 _TEXT	
  top  . . . . . . . . . . . . .	L Near	 00000012 _TEXT	
  L2 . . . . . . . . . . . . . .	L Near	 0000002A _TEXT	
  L3 . . . . . . . . . . . . . .	L Near	 00000035 _TEXT	


Symbols:

                N a m e                 Type     Value    Attr

@CodeSize  . . . . . . . . . . .	Number	 00000000h   
@DataSize  . . . . . . . . . . .	Number	 00000000h   
@Interface . . . . . . . . . . .	Number	 00000003h   
@Model . . . . . . . . . . . . .	Number	 00000007h   
@code  . . . . . . . . . . . . .	Text   	 _TEXT
@data  . . . . . . . . . . . . .	Text   	 FLAT
@fardata?  . . . . . . . . . . .	Text   	 FLAT
@fardata . . . . . . . . . . . .	Text   	 FLAT
@stack . . . . . . . . . . . . .	Text   	 FLAT
count1 . . . . . . . . . . . . .	DWord	 00000000 _DATA	
count2 . . . . . . . . . . . . .	DWord	 00000004 _DATA	

	   0 Warnings
	   0 Errors
