Microsoft (R) Macro Assembler Version 14.35.32216.1	    07/27/23 18:49:28
8-4-4-3.as						     Page 1 - 1


				title 8-4-4-3.asm

				.386
				.model flat, stdcall
				.stack 4096

				ArraySum    proto ptrArray:ptr dword,
				                  szArray:dword

				ExitProcess proto dwExitCode:dword

 00000000			.data
 00000000 00010000		    array dword 10000h, 20000h, 30000h, 40000h, 50000h
	   00020000
	   00030000
	   00040000
	   00050000
 00000014 00000000		    theSum dword ?
 00000000			.code
 00000000			main proc
				    invoke ArraySum,
				        addr array,             ; address of the array
				        lengthof array          ; number of elements
 00000000  6A 05	   *	    push   +000000005h
 00000002  68 00000000 R   *	    push   OFFSET array
 00000007  E8 0000000F	   *	    call   ArraySum

 0000000C  A3 00000014 R	    mov theSum, eax

 00000011  B9 00000000		    mov ecx, 0
 00000016  E8 00000000 E	    call ExitProcess
 0000001B			main endp

 0000001B			ArraySum proc uses esi ecx,
				    ptrArray:ptr dword,         ; points to the array
				    szArray:dword               ; array size

 0000001B  55		   *	    push   ebp
 0000001C  8B EC	   *	    mov    ebp, esp
 0000001E  56		   *	    push   esi
 0000001F  51		   *	    push   ecx
 00000020  8B 75 08		    mov esi, ptrArray           ; address of the array
 00000023  8B 4D 0C		    mov ecx, szArray            ; size of the array
 00000026  B8 00000000		    mov eax, 0                  ; set the sum to zero

 0000002B  83 F9 00		    cmp ecx, 0                  ; length = zero?
 0000002E  74 07		    je L2                       ; yes: quit

 00000030  03 06		L1: add eax, [esi]              ; add each integer to sum
 00000032  83 C6 04		    add esi, 4                  ; point to next integer
 00000035  E2 F9		    loop L1                     ; repeat for array size

 00000037			L2: ret
 00000037  59		   *	    pop    ecx
 00000038  5E		   *	    pop    esi
 00000039  C9		   *	    leave  
 0000003A  C2 0008	   *	    ret    00008h
 0000003D			ArraySum endp

				end main
Microsoft (R) Macro Assembler Version 14.35.32216.1	    07/27/23 18:49:28
8-4-4-3.as						     Symbols 2 - 1




Segments and Groups:

                N a m e                 Size     Length   Align   Combine Class

FLAT . . . . . . . . . . . . . .	GROUP
STACK  . . . . . . . . . . . . .	32 Bit	 00001000 DWord	  Stack	  'STACK'	 
_DATA  . . . . . . . . . . . . .	32 Bit	 00000018 DWord	  Public  'DATA'	
_TEXT  . . . . . . . . . . . . .	32 Bit	 0000003D DWord	  Public  'CODE'	


Procedures, parameters, and locals:

                N a m e                 Type     Value    Attr

ArraySum . . . . . . . . . . . .	P Near	 0000001B _TEXT	Length= 00000022 Public STDCALL
  ptrArray . . . . . . . . . . .	DWord	 bp + 00000008
  szArray  . . . . . . . . . . .	DWord	 bp + 0000000C
  L1 . . . . . . . . . . . . . .	L Near	 00000030 _TEXT	
  L2 . . . . . . . . . . . . . .	L Near	 00000037 _TEXT	
ExitProcess  . . . . . . . . . .	P Near	 00000000 FLAT	Length= 00000000 External STDCALL
main . . . . . . . . . . . . . .	P Near	 00000000 _TEXT	Length= 0000001B Public STDCALL


Symbols:

                N a m e                 Type     Value    Attr

@CodeSize  . . . . . . . . . . .	Number	 00000000h   
@DataSize  . . . . . . . . . . .	Number	 00000000h   
@Interface . . . . . . . . . . .	Number	 00000003h   
@Model . . . . . . . . . . . . .	Number	 00000007h   
@code  . . . . . . . . . . . . .	Text   	 _TEXT
@data  . . . . . . . . . . . . .	Text   	 FLAT
@fardata?  . . . . . . . . . . .	Text   	 FLAT
@fardata . . . . . . . . . . . .	Text   	 FLAT
@stack . . . . . . . . . . . . .	Text   	 FLAT
array  . . . . . . . . . . . . .	DWord	 00000000 _DATA	
theSum . . . . . . . . . . . . .	DWord	 00000014 _DATA	

	   0 Warnings
	   0 Errors
